# JRE version: OpenJDK Runtime Environment (21.0.8) (build 21.0.8+-14196175-b1038.72)
# Java VM: OpenJDK 64-Bit Server VM (21.0.8+-14196175-b1038.72, mixed mode, tiered, compressed oops, compressed class ptrs, g1 gc, windows-amd64)
GC Precious Log:
 CardTable entry size: 512
 Card Set container configuration: InlinePtr #cards 5 size 8 Array Of Cards #cards 12 size 40 Howl #buckets 4 coarsen threshold 1843 Howl Bitmap #cards 512 size 80 coarsen threshold 460 Card regions per heap region 1 cards per card region 2048
 CPUs: 4 total, 4 available
 Memory: 3521M
 Large Page Support: Disabled
 NUMA Support: Disabled
 Compressed Oops: Enabled (32-bit)
 Heap Region Size: 1M
 Heap Min Capacity: 8M
 Heap Initial Capacity: 56M
 Heap Max Capacity: 2G
 Pre-touch: Disabled
 Parallel Workers: 4
 Concurrent Workers: 1
 Concurrent Refinement Workers: 4
 Periodic GC: Disabled
Heap:
 garbage-first heap   total 57344K, used 43664K [0x0000000080000000, 0x0000000100000000)
  region size 1024K, 29 young (29696K), 4 survivors (4096K)
 Metaspace       used 26061K, committed 26496K, reserved 1114112K
  class space    used 3233K, committed 3456K, reserved 1048576K
GC Heap History (10 events):
Event: 1.605 GC heap before
{Heap before GC invocations=0 (full 0):
 garbage-first heap   total 57344K, used 13312K [0x0000000080000000, 0x0000000100000000)
  region size 1024K, 13 young (13312K), 0 survivors (0K)
 Metaspace       used 7533K, committed 7680K, reserved 1114112K
  class space    used 704K, committed 768K, reserved 1048576K
}
Event: 1.627 GC heap after
{Heap after GC invocations=1 (full 0):
 garbage-first heap   total 57344K, used 1280K [0x0000000080000000, 0x0000000100000000)
  region size 1024K, 2 young (2048K), 2 survivors (2048K)
 Metaspace       used 7533K, committed 7680K, reserved 1114112K
  class space    used 704K, committed 768K, reserved 1048576K
}
Event: 15.856 GC heap before
{Heap before GC invocations=1 (full 0):
 garbage-first heap   total 57344K, used 27904K [0x0000000080000000, 0x0000000100000000)
  region size 1024K, 26 young (26624K), 2 survivors (2048K)
 Metaspace       used 11323K, committed 11456K, reserved 1114112K
  class space    used 1228K, committed 1280K, reserved 1048576K
}
Event: 15.877 GC heap after
{Heap after GC invocations=2 (full 0):
 garbage-first heap   total 57344K, used 10065K [0x0000000080000000, 0x0000000100000000)
  region size 1024K, 4 young (4096K), 4 survivors (4096K)
 Metaspace       used 11323K, committed 11456K, reserved 1114112K
  class space    used 1228K, committed 1280K, reserved 1048576K
}
Event: 19.561 GC heap before
{Heap before GC invocations=2 (full 0):
 garbage-first heap   total 57344K, used 38737K [0x0000000080000000, 0x0000000100000000)
  region size 1024K, 33 young (33792K), 4 survivors (4096K)
 Metaspace       used 12390K, committed 12544K, reserved 1114112K
  class space    used 1351K, committed 1408K, reserved 1048576K
}
Event: 19.577 GC heap after
{Heap after GC invocations=3 (full 0):
 garbage-first heap   total 57344K, used 11524K [0x0000000080000000, 0x0000000100000000)
  region size 1024K, 1 young (1024K), 1 survivors (1024K)
 Metaspace       used 12390K, committed 12544K, reserved 1114112K
  class space    used 1351K, committed 1408K, reserved 1048576K
}
Event: 21.930 GC heap before
{Heap before GC invocations=3 (full 0):
 garbage-first heap   total 57344K, used 45316K [0x0000000080000000, 0x0000000100000000)
  region size 1024K, 33 young (33792K), 1 survivors (1024K)
 Metaspace       used 12681K, committed 12864K, reserved 1114112K
  class space    used 1398K, committed 1472K, reserved 1048576K
}
Event: 21.940 GC heap after
{Heap after GC invocations=4 (full 0):
 garbage-first heap   total 57344K, used 16133K [0x0000000080000000, 0x0000000100000000)
  region size 1024K, 5 young (5120K), 5 survivors (5120K)
 Metaspace       used 12681K, committed 12864K, reserved 1114112K
  class space    used 1398K, committed 1472K, reserved 1048576K
}
Event: 31.023 GC heap before
{Heap before GC invocations=4 (full 0):
 garbage-first heap   total 57344K, used 41733K [0x0000000080000000, 0x0000000100000000)
  region size 1024K, 32 young (32768K), 5 survivors (5120K)
 Metaspace       used 21284K, committed 21504K, reserved 1114112K
  class space    used 2523K, committed 2624K, reserved 1048576K
}
Event: 31.037 GC heap after
{Heap after GC invocations=5 (full 0):
 garbage-first heap   total 57344K, used 20112K [0x0000000080000000, 0x0000000100000000)
  region size 1024K, 4 young (4096K), 4 survivors (4096K)
 Metaspace       used 21284K, committed 21504K, reserved 1114112K
  class space    used 2523K, committed 2624K, reserved 1048576K
}

